2025-11-26 00:24:23,594 - INFO - 开始处理文件: D:\Desktop\demo\PDF_OCR\职称参评-毛雅君20251114V1.0(1).pdf
2025-11-26 00:24:23,594 - INFO - 正在初始化 EasyOCR（首次运行会下载模型，请耐心等待）...
2025-11-26 00:24:23,595 - WARNING - Using CPU. Note: This module is much faster with a GPU.
2025-11-26 00:24:25,407 - INFO - EasyOCR 初始化成功
2025-11-26 00:24:25,407 - INFO - 开始将 PDF 转换为图片: D:\Desktop\demo\PDF_OCR\职称参评-毛雅君20251114V1.0(1).pdf
2025-11-26 00:24:26,087 - INFO - 成功转换 12 页
2025-11-26 00:24:26,088 - INFO - 正在识别第 1 页
2025-11-26 00:24:54,935 - INFO - 正在识别第 2 页
2025-11-26 00:25:25,207 - INFO - 正在识别第 3 页
2025-11-26 00:26:00,113 - INFO - 正在识别第 4 页
2025-11-26 00:26:31,860 - INFO - 正在识别第 5 页
2025-11-26 00:27:00,279 - INFO - 正在识别第 6 页
2025-11-26 00:27:27,696 - INFO - 正在识别第 7 页
2025-11-26 00:27:57,292 - INFO - 正在识别第 8 页
2025-11-26 00:28:24,434 - INFO - 正在识别第 9 页
2025-11-26 00:28:52,889 - INFO - 正在识别第 10 页
2025-11-26 00:29:20,921 - INFO - 正在识别第 11 页
2025-11-26 00:29:50,460 - INFO - 正在识别第 12 页
2025-11-26 00:30:12,205 - INFO - Word 文档已保存: D:\Desktop\demo\PDF_OCR\职称参评-毛雅君20251114V1.0(1)_OCR结果_20251126_003011.docx
2025-11-26 00:30:12,205 - INFO - 处理完成，输出文件: D:\Desktop\demo\PDF_OCR\职称参评-毛雅君20251114V1.0(1)_OCR结果_20251126_003011.docx
2025-11-26 09:08:07,133 - INFO - 开始处理文件: D:\Desktop\demo\PDF_OCR\职称参评-毛雅君20251114V1.0(1).pdf
2025-11-26 09:08:07,133 - INFO - 正在初始化 EasyOCR（首次运行会下载模型，请耐心等待）...
2025-11-26 09:08:07,134 - WARNING - Using CPU. Note: This module is much faster with a GPU.
2025-11-26 09:08:08,909 - INFO - EasyOCR 初始化成功
2025-11-26 09:08:08,909 - INFO - 开始将 PDF 转换为图片: D:\Desktop\demo\PDF_OCR\职称参评-毛雅君20251114V1.0(1).pdf (DPI: 300)
2025-11-26 09:08:09,947 - INFO - 成功转换 12 页
2025-11-26 09:08:09,949 - INFO - 正在识别第 1 页
2025-11-26 09:08:52,308 - INFO - 正在识别第 2 页
2025-11-26 09:09:34,864 - INFO - 正在识别第 3 页
2025-11-26 09:10:31,753 - INFO - 正在识别第 4 页
2025-11-26 09:11:17,564 - INFO - 正在识别第 5 页
2025-11-26 09:11:55,919 - INFO - 正在识别第 6 页
2025-11-26 09:12:33,484 - INFO - 正在识别第 7 页
2025-11-26 09:13:12,463 - INFO - 正在识别第 8 页
2025-11-26 09:13:49,222 - INFO - 正在识别第 9 页
2025-11-26 09:14:32,216 - INFO - 正在识别第 10 页
2025-11-26 09:15:14,157 - INFO - 正在识别第 11 页
2025-11-26 09:15:55,800 - INFO - 正在识别第 12 页
2025-11-26 09:16:26,125 - INFO - Word 文档已保存: D:\Desktop\demo\PDF_OCR\职称参评-毛雅君20251114V1.0(1)_OCR结果_20251126_091625.docx
2025-11-26 09:16:26,125 - INFO - 处理完成，输出文件: D:\Desktop\demo\PDF_OCR\职称参评-毛雅君20251114V1.0(1)_OCR结果_20251126_091625.docx
2025-11-26 09:36:44,138 - INFO - 开始处理文件: D:\Desktop\demo\PDF_OCR\职称参评-毛雅君20251114V1.0(1).pdf
2025-11-26 09:36:44,138 - INFO - 正在初始化 EasyOCR（首次运行会下载模型，请耐心等待）...
2025-11-26 09:36:44,139 - WARNING - Using CPU. Note: This module is much faster with a GPU.
2025-11-26 09:36:46,455 - INFO - EasyOCR 初始化成功
2025-11-26 09:36:46,455 - INFO - 开始将 PDF 转换为图片: D:\Desktop\demo\PDF_OCR\职称参评-毛雅君20251114V1.0(1).pdf (DPI: 300)
2025-11-26 09:36:48,383 - INFO - 成功转换 12 页
2025-11-26 09:36:48,386 - INFO - 正在识别第 1 页
2025-11-26 09:37:31,601 - INFO - 正在识别第 2 页
2025-11-26 09:38:15,265 - INFO - 正在识别第 3 页
2025-11-26 09:39:09,314 - INFO - 正在识别第 4 页
2025-11-26 09:39:52,549 - INFO - 正在识别第 5 页
2025-11-26 09:40:35,077 - INFO - 正在识别第 6 页
2025-11-26 09:41:16,939 - INFO - 正在识别第 7 页
2025-11-26 09:41:59,316 - INFO - 正在识别第 8 页
2025-11-26 09:42:39,031 - INFO - 正在识别第 9 页
2025-11-26 09:43:22,438 - INFO - 正在识别第 10 页
2025-11-26 09:44:07,621 - INFO - 正在识别第 11 页
2025-11-26 09:44:51,147 - INFO - 正在识别第 12 页
2025-11-26 09:45:25,377 - INFO - Word 文档已保存: D:\Desktop\demo\PDF_OCR\职称参评-毛雅君20251114V1.0(1)_OCR结果_20251126_094524.docx
2025-11-26 09:45:25,377 - INFO - 处理完成，输出文件: D:\Desktop\demo\PDF_OCR\职称参评-毛雅君20251114V1.0(1)_OCR结果_20251126_094524.docx
2025-11-26 09:55:00,503 - INFO - 开始处理文件: D:\Desktop\demo\PDF_OCR\职称参评-毛雅君20251114V1.0(1).pdf
2025-11-26 09:55:00,503 - INFO - 正在初始化 EasyOCR（首次运行会下载模型，请耐心等待）...
2025-11-26 09:55:00,503 - WARNING - Using CPU. Note: This module is much faster with a GPU.
2025-11-26 09:55:02,969 - INFO - EasyOCR 初始化成功
2025-11-26 09:55:02,969 - INFO - 开始将 PDF 转换为图片: D:\Desktop\demo\PDF_OCR\职称参评-毛雅君20251114V1.0(1).pdf (DPI: 300)
2025-11-26 09:55:04,541 - INFO - 成功转换 12 页
2025-11-26 09:55:04,544 - INFO - 正在识别第 1 页
2025-11-26 09:55:47,754 - INFO - 正在识别第 2 页
2025-11-26 09:56:27,337 - INFO - 正在识别第 3 页
2025-11-26 09:57:14,957 - INFO - 正在识别第 4 页
2025-11-26 09:57:55,128 - INFO - 正在识别第 5 页
2025-11-26 09:58:33,651 - INFO - 正在识别第 6 页
2025-11-26 09:59:13,234 - INFO - 正在识别第 7 页
2025-11-26 09:59:52,484 - INFO - 正在识别第 8 页
2025-11-26 10:00:29,910 - INFO - 正在识别第 9 页
2025-11-26 10:01:07,760 - INFO - 正在识别第 10 页
2025-11-26 10:01:46,068 - INFO - 正在识别第 11 页
2025-11-26 10:02:24,797 - INFO - 正在识别第 12 页
2025-11-26 10:02:55,070 - INFO - 第 1 页创建表格: 11 行 x 7 列
2025-11-26 10:02:55,153 - INFO - 第 2 页创建表格: 19 行 x 7 列
2025-11-26 10:02:55,226 - INFO - 第 3 页创建表格: 18 行 x 6 列
2025-11-26 10:02:55,274 - INFO - 第 4 页创建表格: 23 行 x 6 列
2025-11-26 10:02:55,330 - INFO - 第 5 页创建表格: 25 行 x 6 列
2025-11-26 10:02:55,388 - INFO - 第 6 页创建表格: 20 行 x 5 列
2025-11-26 10:02:55,424 - INFO - 第 7 页创建表格: 33 行 x 6 列
2025-11-26 10:02:55,493 - INFO - 第 8 页创建表格: 21 行 x 6 列
2025-11-26 10:02:55,537 - INFO - 第 9 页创建表格: 32 行 x 5 列
2025-11-26 10:02:55,588 - INFO - 第 10 页创建表格: 30 行 x 5 列
2025-11-26 10:02:55,635 - INFO - 第 11 页创建表格: 19 行 x 6 列
2025-11-26 10:02:55,672 - INFO - 第 12 页创建表格: 8 行 x 5 列
2025-11-26 10:02:55,705 - INFO - Word 文档已保存: D:\Desktop\demo\PDF_OCR\职称参评-毛雅君20251114V1.0(1)_OCR结果_20251126_100255.docx
2025-11-26 10:02:55,705 - INFO - 处理完成，输出文件: D:\Desktop\demo\PDF_OCR\职称参评-毛雅君20251114V1.0(1)_OCR结果_20251126_100255.docx
2025-11-26 10:39:04,631 - INFO - 开始处理文件: D:\Desktop\demo\PDF_OCR\职称参评-毛雅君20251114V1.0(1).pdf
2025-11-26 10:39:04,631 - INFO - 正在初始化 EasyOCR（首次运行会下载模型，请耐心等待）...
2025-11-26 10:39:04,632 - WARNING - Using CPU. Note: This module is much faster with a GPU.
2025-11-26 10:39:07,751 - INFO - EasyOCR 初始化成功
2025-11-26 10:39:07,751 - INFO - 开始将 PDF 转换为图片: D:\Desktop\demo\PDF_OCR\职称参评-毛雅君20251114V1.0(1).pdf (DPI: 300)
2025-11-26 10:39:09,338 - INFO - 成功转换 12 页
2025-11-26 10:39:09,341 - INFO - 正在识别第 1 页
2025-11-26 10:39:53,000 - INFO - 正在识别第 2 页
2025-11-26 10:40:36,643 - INFO - 正在识别第 3 页
2025-11-26 10:41:29,657 - INFO - 正在识别第 4 页
2025-11-26 10:42:22,803 - INFO - 正在识别第 5 页
2025-11-26 10:43:08,718 - INFO - 正在识别第 6 页
2025-11-26 10:43:52,821 - INFO - 正在识别第 7 页
2025-11-26 10:44:34,285 - INFO - 正在识别第 8 页
2025-11-26 10:45:13,741 - INFO - 正在识别第 9 页
2025-11-26 10:45:55,231 - INFO - 正在识别第 10 页
2025-11-26 10:46:42,388 - INFO - 正在识别第 11 页
2025-11-26 10:47:28,526 - INFO - 正在识别第 12 页
2025-11-26 10:48:02,183 - INFO - 第 1 页创建表格: 12 行 x 7 列
2025-11-26 10:48:02,266 - INFO - 第 2 页创建表格: 20 行 x 7 列
2025-11-26 10:48:02,368 - INFO - 第 3 页创建表格: 31 行 x 9 列
2025-11-26 10:48:02,560 - INFO - 第 4 页创建表格: 24 行 x 7 列
2025-11-26 10:48:02,676 - INFO - 第 5 页创建表格: 34 行 x 7 列
2025-11-26 10:48:02,828 - INFO - 第 6 页创建表格: 35 行 x 7 列
2025-11-26 10:48:02,981 - INFO - 第 7 页创建表格: 40 行 x 7 列
2025-11-26 10:48:03,155 - INFO - 第 8 页创建表格: 30 行 x 9 列
2025-11-26 10:48:03,338 - INFO - 第 9 页创建表格: 42 行 x 7 列
2025-11-26 10:48:03,523 - INFO - 第 10 页创建表格: 38 行 x 7 列
2025-11-26 10:48:03,689 - INFO - 第 11 页创建表格: 33 行 x 7 列
2025-11-26 10:48:03,832 - INFO - 第 12 页创建表格: 9 行 x 8 列
2025-11-26 10:48:03,910 - INFO - Word 文档已保存: D:\Desktop\demo\PDF_OCR\职称参评-毛雅君20251114V1.0(1)_OCR结果_20251126_104802.docx
2025-11-26 10:48:03,910 - INFO - 处理完成，输出文件: D:\Desktop\demo\PDF_OCR\职称参评-毛雅君20251114V1.0(1)_OCR结果_20251126_104802.docx
